[0m16:10:38.348483 [debug] [MainThread]: Sending event: {'category': 'dbt', 'action': 'invocation', 'label': 'start', 'context': [<snowplow_tracker.self_describing_json.SelfDescribingJson object at 0x0000020A35BF8250>, <snowplow_tracker.self_describing_json.SelfDescribingJson object at 0x0000020A35BF84D0>, <snowplow_tracker.self_describing_json.SelfDescribingJson object at 0x0000020A35BF85D0>]}


============================== 16:10:38.351993 | 768ca761-2d6c-4931-a11e-3842d26646a6 ==============================
[0m16:10:38.351993 [info ] [MainThread]: Running with dbt=1.7.9
[0m16:10:38.353001 [debug] [MainThread]: running dbt with arguments {'printer_width': '80', 'indirect_selection': 'eager', 'log_cache_events': 'False', 'write_json': 'True', 'partial_parse': 'True', 'cache_selected_only': 'False', 'warn_error': 'None', 'version_check': 'True', 'fail_fast': 'False', 'log_path': 'logs', 'debug': 'False', 'profiles_dir': 'C:\\Users\\jerem\\.dbt', 'use_colors': 'True', 'use_experimental_parser': 'False', 'no_print': 'None', 'quiet': 'False', 'warn_error_options': 'WarnErrorOptions(include=[], exclude=[])', 'static_parser': 'True', 'invocation_command': 'dbt init', 'introspect': 'True', 'target_path': 'None', 'log_format': 'default', 'send_anonymous_usage_stats': 'True'}
[0m16:10:49.357096 [debug] [MainThread]: Starter project path: C:\Users\jerem\AppData\Local\Programs\Python\Python311\Lib\site-packages\dbt\include\starter_project
[0m16:10:49.372028 [info ] [MainThread]: 
Your new dbt project "custom_test" was created!

For more information on how to configure the profiles.yml file,
please consult the dbt documentation here:

  https://docs.getdbt.com/docs/configure-your-profile

One more thing:

Need help? Don't hesitate to reach out to us via GitHub issues or on Slack:

  https://community.getdbt.com/

Happy modeling!

[0m16:10:49.374036 [info ] [MainThread]: Setting up your profile.
[0m16:12:09.555931 [info ] [MainThread]: Profile custom_test written to C:\Users\jerem\.dbt\profiles.yml using target's profile_template.yml and your supplied values. Run 'dbt debug' to validate the connection.
[0m16:12:09.557932 [debug] [MainThread]: Command `dbt init` succeeded at 16:12:09.557932 after 91.24 seconds
[0m16:12:09.557932 [debug] [MainThread]: Sending event: {'category': 'dbt', 'action': 'invocation', 'label': 'end', 'context': [<snowplow_tracker.self_describing_json.SelfDescribingJson object at 0x0000020A2EEA3E10>, <snowplow_tracker.self_describing_json.SelfDescribingJson object at 0x0000020A2F185F90>, <snowplow_tracker.self_describing_json.SelfDescribingJson object at 0x0000020A3460F790>]}
[0m16:12:09.558932 [debug] [MainThread]: Flushing usage events
[0m16:12:39.264297 [debug] [MainThread]: Sending event: {'category': 'dbt', 'action': 'invocation', 'label': 'start', 'context': [<snowplow_tracker.self_describing_json.SelfDescribingJson object at 0x000001BAC6D26F10>, <snowplow_tracker.self_describing_json.SelfDescribingJson object at 0x000001BAC6D17E50>, <snowplow_tracker.self_describing_json.SelfDescribingJson object at 0x000001BAC67F5990>]}


============================== 16:12:39.267810 | b80dd4e9-1d1a-400b-80c8-c59602ea06e0 ==============================
[0m16:12:39.267810 [info ] [MainThread]: Running with dbt=1.7.9
[0m16:12:39.268809 [debug] [MainThread]: running dbt with arguments {'printer_width': '80', 'indirect_selection': 'eager', 'log_cache_events': 'False', 'write_json': 'True', 'partial_parse': 'True', 'cache_selected_only': 'False', 'profiles_dir': 'C:\\Users\\jerem\\.dbt', 'version_check': 'True', 'warn_error': 'None', 'log_path': 'logs', 'debug': 'False', 'fail_fast': 'False', 'use_colors': 'True', 'use_experimental_parser': 'False', 'no_print': 'None', 'quiet': 'False', 'log_format': 'default', 'introspect': 'True', 'warn_error_options': 'WarnErrorOptions(include=[], exclude=[])', 'static_parser': 'True', 'target_path': 'None', 'invocation_command': 'dbt debug', 'send_anonymous_usage_stats': 'True'}
[0m16:12:39.268809 [info ] [MainThread]: dbt version: 1.7.9
[0m16:12:39.269810 [info ] [MainThread]: python version: 3.11.5
[0m16:12:39.269810 [info ] [MainThread]: python path: C:\Users\jerem\AppData\Local\Programs\Python\Python311\python.exe
[0m16:12:39.270810 [info ] [MainThread]: os info: Windows-10-10.0.22621-SP0
[0m16:12:39.346261 [info ] [MainThread]: Using profiles dir at C:\Users\jerem\.dbt
[0m16:12:39.346261 [info ] [MainThread]: Using profiles.yml file at C:\Users\jerem\.dbt\profiles.yml
[0m16:12:39.347261 [info ] [MainThread]: Using dbt_project.yml file at C:\Users\jerem\Desktop\My Things\VS Code\custom-elt-project\dbt_project.yml
[0m16:12:39.348258 [info ] [MainThread]: adapter type: postgres
[0m16:12:39.348258 [info ] [MainThread]: adapter version: 1.7.9
[0m16:12:39.349259 [info ] [MainThread]: Configuration:
[0m16:12:39.349259 [info ] [MainThread]:   profiles.yml file [[32mOK found and valid[0m]
[0m16:12:39.350764 [info ] [MainThread]:   dbt_project.yml file [[31mERROR not found[0m]
[0m16:12:39.351771 [info ] [MainThread]: Required dependencies:
[0m16:12:39.352772 [debug] [MainThread]: Executing "git --help"
[0m16:12:39.396938 [debug] [MainThread]: STDOUT: "b"usage: git [-v | --version] [-h | --help] [-C <path>] [-c <name>=<value>]\n           [--exec-path[=<path>]] [--html-path] [--man-path] [--info-path]\n           [-p | --paginate | -P | --no-pager] [--no-replace-objects] [--bare]\n           [--git-dir=<path>] [--work-tree=<path>] [--namespace=<name>]\n           [--config-env=<name>=<envvar>] <command> [<args>]\n\nThese are common Git commands used in various situations:\n\nstart a working area (see also: git help tutorial)\n   clone     Clone a repository into a new directory\n   init      Create an empty Git repository or reinitialize an existing one\n\nwork on the current change (see also: git help everyday)\n   add       Add file contents to the index\n   mv        Move or rename a file, a directory, or a symlink\n   restore   Restore working tree files\n   rm        Remove files from the working tree and from the index\n\nexamine the history and state (see also: git help revisions)\n   bisect    Use binary search to find the commit that introduced a bug\n   diff      Show changes between commits, commit and working tree, etc\n   grep      Print lines matching a pattern\n   log       Show commit logs\n   show      Show various types of objects\n   status    Show the working tree status\n\ngrow, mark and tweak your common history\n   branch    List, create, or delete branches\n   commit    Record changes to the repository\n   merge     Join two or more development histories together\n   rebase    Reapply commits on top of another base tip\n   reset     Reset current HEAD to the specified state\n   switch    Switch branches\n   tag       Create, list, delete or verify a tag object signed with GPG\n\ncollaborate (see also: git help workflows)\n   fetch     Download objects and refs from another repository\n   pull      Fetch from and integrate with another repository or a local branch\n   push      Update remote refs along with associated objects\n\n'git help -a' and 'git help -g' list available subcommands and some\nconcept guides. See 'git help <command>' or 'git help <concept>'\nto read about a specific subcommand or concept.\nSee 'git help git' for an overview of the system.\n""
[0m16:12:39.397937 [debug] [MainThread]: STDERR: "b''"
[0m16:12:39.398937 [info ] [MainThread]:  - git [[32mOK found[0m]

[0m16:12:39.398937 [info ] [MainThread]: Connection:
[0m16:12:39.399937 [info ] [MainThread]:   host: custom
[0m16:12:39.400936 [info ] [MainThread]:   port: 5432
[0m16:12:39.400936 [info ] [MainThread]:   user: toast
[0m16:12:39.400936 [info ] [MainThread]:   database: new
[0m16:12:39.402370 [info ] [MainThread]:   schema: first
[0m16:12:39.402370 [info ] [MainThread]:   connect_timeout: 10
[0m16:12:39.403369 [info ] [MainThread]:   role: None
[0m16:12:39.404372 [info ] [MainThread]:   search_path: None
[0m16:12:39.405373 [info ] [MainThread]:   keepalives_idle: 0
[0m16:12:39.405373 [info ] [MainThread]:   sslmode: None
[0m16:12:39.406370 [info ] [MainThread]:   sslcert: None
[0m16:12:39.406370 [info ] [MainThread]:   sslkey: None
[0m16:12:39.407369 [info ] [MainThread]:   sslrootcert: None
[0m16:12:39.407369 [info ] [MainThread]:   application_name: dbt
[0m16:12:39.408372 [info ] [MainThread]:   retries: 1
[0m16:12:39.409373 [info ] [MainThread]: Registered adapter: postgres=1.7.9
[0m16:12:39.409373 [debug] [MainThread]: Acquiring new postgres connection 'debug'
[0m16:12:39.410878 [debug] [MainThread]: Using postgres connection "debug"
[0m16:12:39.410949 [debug] [MainThread]: On debug: select 1 as id
[0m16:12:39.411887 [debug] [MainThread]: Opening a new connection, currently in state init
[0m16:12:42.109425 [debug] [MainThread]: Postgres adapter: Got a retryable error when attempting to open a postgres connection.
1 attempts remaining. Retrying in 0 seconds.
Error:
could not translate host name "custom" to address: No such host is known. 

[0m16:12:44.805911 [debug] [MainThread]: Postgres adapter: Error running SQL: select 1 as id
[0m16:12:44.806910 [debug] [MainThread]: Postgres adapter: Rolling back transaction.
[0m16:12:44.806910 [debug] [MainThread]: On debug: No close available on handle
[0m16:12:44.807912 [info ] [MainThread]:   Connection test: [[31mERROR[0m]

[0m16:12:44.807912 [info ] [MainThread]: [31m2 checks failed:[0m
[0m16:12:44.808911 [info ] [MainThread]: Project loading failed for the following reason:
 project path <C:\Users\jerem\Desktop\My Things\VS Code\custom-elt-project\dbt_project.yml> not found

[0m16:12:44.809910 [info ] [MainThread]: dbt was unable to connect to the specified database.
The database returned the following error:

  >Database Error
  could not translate host name "custom" to address: No such host is known. 
  

Check your database credentials and try again. For more information, visit:
https://docs.getdbt.com/docs/configure-your-profile


[0m16:12:44.810911 [debug] [MainThread]: Command `dbt debug` failed at 16:12:44.810911 after 5.61 seconds
[0m16:12:44.812085 [debug] [MainThread]: Connection 'debug' was properly closed.
[0m16:12:44.812085 [debug] [MainThread]: Sending event: {'category': 'dbt', 'action': 'invocation', 'label': 'end', 'context': [<snowplow_tracker.self_describing_json.SelfDescribingJson object at 0x000001BAC695F210>, <snowplow_tracker.self_describing_json.SelfDescribingJson object at 0x000001BABFF93E10>, <snowplow_tracker.self_describing_json.SelfDescribingJson object at 0x000001BAC01E1950>]}
[0m16:12:44.813092 [debug] [MainThread]: Flushing usage events
[0m16:17:17.510592 [debug] [MainThread]: Sending event: {'category': 'dbt', 'action': 'invocation', 'label': 'start', 'context': [<snowplow_tracker.self_describing_json.SelfDescribingJson object at 0x000001FA28C40A50>, <snowplow_tracker.self_describing_json.SelfDescribingJson object at 0x000001FA286E5910>, <snowplow_tracker.self_describing_json.SelfDescribingJson object at 0x000001FA27982050>]}


============================== 16:17:17.513588 | 3b769274-2157-4049-a1d7-5deec9ce7293 ==============================
[0m16:17:17.513588 [info ] [MainThread]: Running with dbt=1.7.9
[0m16:17:17.515590 [debug] [MainThread]: running dbt with arguments {'printer_width': '80', 'indirect_selection': 'eager', 'write_json': 'True', 'log_cache_events': 'False', 'partial_parse': 'True', 'cache_selected_only': 'False', 'profiles_dir': 'C:\\Users\\jerem\\.dbt', 'fail_fast': 'False', 'version_check': 'True', 'log_path': 'logs', 'warn_error': 'None', 'debug': 'False', 'use_colors': 'True', 'use_experimental_parser': 'False', 'no_print': 'None', 'quiet': 'False', 'log_format': 'default', 'static_parser': 'True', 'invocation_command': 'dbt test', 'introspect': 'True', 'target_path': 'None', 'warn_error_options': 'WarnErrorOptions(include=[], exclude=[])', 'send_anonymous_usage_stats': 'True'}
[0m16:17:17.516589 [error] [MainThread]: Encountered an error:
Runtime Error
  No dbt_project.yml found at expected path C:\Users\jerem\Desktop\My Things\VS Code\custom-elt-project\dbt_project.yml
  Verify that each entry within packages.yml (and their transitive dependencies) contains a file named dbt_project.yml
  
[0m16:17:17.516589 [debug] [MainThread]: Command `dbt test` failed at 16:17:17.516589 after 0.08 seconds
[0m16:17:17.518095 [debug] [MainThread]: Sending event: {'category': 'dbt', 'action': 'invocation', 'label': 'end', 'context': [<snowplow_tracker.self_describing_json.SelfDescribingJson object at 0x000001FA28BEED50>, <snowplow_tracker.self_describing_json.SelfDescribingJson object at 0x000001FA21EB3E10>, <snowplow_tracker.self_describing_json.SelfDescribingJson object at 0x000001FA28C09110>]}
[0m16:17:17.519103 [debug] [MainThread]: Flushing usage events
[0m16:19:21.579020 [debug] [MainThread]: Sending event: {'category': 'dbt', 'action': 'invocation', 'label': 'start', 'context': [<snowplow_tracker.self_describing_json.SelfDescribingJson object at 0x0000017B7706C090>, <snowplow_tracker.self_describing_json.SelfDescribingJson object at 0x0000017B7767A910>, <snowplow_tracker.self_describing_json.SelfDescribingJson object at 0x0000017B77679050>]}


============================== 16:19:21.583025 | 2f2fc9e4-3aeb-45d3-b8da-e3cb79886b69 ==============================
[0m16:19:21.583025 [info ] [MainThread]: Running with dbt=1.7.9
[0m16:19:21.584023 [debug] [MainThread]: running dbt with arguments {'printer_width': '80', 'indirect_selection': 'eager', 'log_cache_events': 'False', 'write_json': 'True', 'partial_parse': 'True', 'cache_selected_only': 'False', 'profiles_dir': 'C:\\Users\\jerem\\.dbt', 'debug': 'False', 'version_check': 'True', 'log_path': 'C:\\Users\\jerem\\Desktop\\My Things\\VS Code\\custom-elt-project\\logs', 'warn_error': 'None', 'fail_fast': 'False', 'use_colors': 'True', 'use_experimental_parser': 'False', 'no_print': 'None', 'quiet': 'False', 'warn_error_options': 'WarnErrorOptions(include=[], exclude=[])', 'introspect': 'True', 'static_parser': 'True', 'log_format': 'default', 'target_path': 'None', 'invocation_command': 'dbt test', 'send_anonymous_usage_stats': 'True'}
[0m16:19:21.804884 [debug] [MainThread]: Sending event: {'category': 'dbt', 'action': 'project_id', 'label': '2f2fc9e4-3aeb-45d3-b8da-e3cb79886b69', 'context': [<snowplow_tracker.self_describing_json.SelfDescribingJson object at 0x0000017B776A55D0>]}
[0m16:19:21.885628 [debug] [MainThread]: Sending event: {'category': 'dbt', 'action': 'adapter_info', 'label': '2f2fc9e4-3aeb-45d3-b8da-e3cb79886b69', 'context': [<snowplow_tracker.self_describing_json.SelfDescribingJson object at 0x0000017B7640EFD0>]}
[0m16:19:21.887138 [info ] [MainThread]: Registered adapter: postgres=1.7.9
[0m16:19:21.895156 [debug] [MainThread]: checksum: 6ff0d83c3b46f350064523b4e08d9241403ad71d606ba49c4e670afba3668b39, vars: {}, profile: , target: , version: 1.7.9
[0m16:19:21.895156 [info ] [MainThread]: Unable to do partial parsing because saved manifest not found. Starting full parse.
[0m16:19:21.896157 [debug] [MainThread]: Sending event: {'category': 'dbt', 'action': 'partial_parser', 'label': '2f2fc9e4-3aeb-45d3-b8da-e3cb79886b69', 'context': [<snowplow_tracker.self_describing_json.SelfDescribingJson object at 0x0000017B777B3250>]}
[0m16:19:22.602224 [warn ] [MainThread]: [[33mWARNING[0m]: Configuration paths exist in your dbt_project.yml file which do not apply to any resources.
There are 1 unused configuration paths:
- models.custom_test.example
[0m16:19:22.608742 [debug] [MainThread]: Sending event: {'category': 'dbt', 'action': 'load_project', 'label': '2f2fc9e4-3aeb-45d3-b8da-e3cb79886b69', 'context': [<snowplow_tracker.self_describing_json.SelfDescribingJson object at 0x0000017B77855750>]}
[0m16:19:22.624273 [debug] [MainThread]: Sending event: {'category': 'dbt', 'action': 'resource_counts', 'label': '2f2fc9e4-3aeb-45d3-b8da-e3cb79886b69', 'context': [<snowplow_tracker.self_describing_json.SelfDescribingJson object at 0x0000017B779E4E90>]}
[0m16:19:22.625277 [info ] [MainThread]: Found 0 sources, 0 exposures, 0 metrics, 401 macros, 0 groups, 0 semantic models
[0m16:19:22.626789 [debug] [MainThread]: Sending event: {'category': 'dbt', 'action': 'runnable_timing', 'label': '2f2fc9e4-3aeb-45d3-b8da-e3cb79886b69', 'context': [<snowplow_tracker.self_describing_json.SelfDescribingJson object at 0x0000017B778DBED0>]}
[0m16:19:22.628799 [info ] [MainThread]: 
[0m16:19:22.628799 [warn ] [MainThread]: Nothing to do. Try checking your model configs and model specification args
[0m16:19:22.629804 [debug] [MainThread]: Command end result
[0m16:19:22.640843 [debug] [MainThread]: Command `dbt test` succeeded at 16:19:22.640843 after 1.13 seconds
[0m16:19:22.641841 [debug] [MainThread]: Sending event: {'category': 'dbt', 'action': 'invocation', 'label': 'end', 'context': [<snowplow_tracker.self_describing_json.SelfDescribingJson object at 0x0000017B708B3E10>, <snowplow_tracker.self_describing_json.SelfDescribingJson object at 0x0000017B776B6850>, <snowplow_tracker.self_describing_json.SelfDescribingJson object at 0x0000017B776B6790>]}
[0m16:19:22.641841 [debug] [MainThread]: Flushing usage events
[0m16:20:45.453462 [debug] [MainThread]: Sending event: {'category': 'dbt', 'action': 'invocation', 'label': 'start', 'context': [<snowplow_tracker.self_describing_json.SelfDescribingJson object at 0x000001344C72FE50>, <snowplow_tracker.self_describing_json.SelfDescribingJson object at 0x000001344C215910>, <snowplow_tracker.self_describing_json.SelfDescribingJson object at 0x000001344C7468D0>]}


============================== 16:20:45.455969 | fc756b29-19dd-4bb3-8af1-a42a1e5d6fe9 ==============================
[0m16:20:45.455969 [info ] [MainThread]: Running with dbt=1.7.9
[0m16:20:45.456979 [debug] [MainThread]: running dbt with arguments {'printer_width': '80', 'indirect_selection': 'eager', 'write_json': 'True', 'log_cache_events': 'False', 'partial_parse': 'True', 'cache_selected_only': 'False', 'profiles_dir': 'C:\\Users\\jerem\\.dbt', 'debug': 'False', 'version_check': 'True', 'log_path': 'C:\\Users\\jerem\\Desktop\\My Things\\VS Code\\custom-elt-project\\logs', 'warn_error': 'None', 'fail_fast': 'False', 'use_colors': 'True', 'use_experimental_parser': 'False', 'no_print': 'None', 'quiet': 'False', 'log_format': 'default', 'introspect': 'True', 'warn_error_options': 'WarnErrorOptions(include=[], exclude=[])', 'static_parser': 'True', 'target_path': 'None', 'invocation_command': 'dbt debug', 'send_anonymous_usage_stats': 'True'}
[0m16:20:45.457977 [info ] [MainThread]: dbt version: 1.7.9
[0m16:20:45.458980 [info ] [MainThread]: python version: 3.11.5
[0m16:20:45.458980 [info ] [MainThread]: python path: C:\Users\jerem\AppData\Local\Programs\Python\Python311\python.exe
[0m16:20:45.459978 [info ] [MainThread]: os info: Windows-10-10.0.22621-SP0
[0m16:20:45.536999 [info ] [MainThread]: Using profiles dir at C:\Users\jerem\.dbt
[0m16:20:45.538001 [info ] [MainThread]: Using profiles.yml file at C:\Users\jerem\.dbt\profiles.yml
[0m16:20:45.538001 [info ] [MainThread]: Using dbt_project.yml file at C:\Users\jerem\Desktop\My Things\VS Code\custom-elt-project\dbt_project.yml
[0m16:20:45.538999 [info ] [MainThread]: adapter type: postgres
[0m16:20:45.540000 [info ] [MainThread]: adapter version: 1.7.9
[0m16:20:45.604481 [info ] [MainThread]: Configuration:
[0m16:20:45.605987 [info ] [MainThread]:   profiles.yml file [[32mOK found and valid[0m]
[0m16:20:45.605987 [info ] [MainThread]:   dbt_project.yml file [[32mOK found and valid[0m]
[0m16:20:45.606993 [info ] [MainThread]: Required dependencies:
[0m16:20:45.606993 [debug] [MainThread]: Executing "git --help"
[0m16:20:45.654485 [debug] [MainThread]: STDOUT: "b"usage: git [-v | --version] [-h | --help] [-C <path>] [-c <name>=<value>]\n           [--exec-path[=<path>]] [--html-path] [--man-path] [--info-path]\n           [-p | --paginate | -P | --no-pager] [--no-replace-objects] [--bare]\n           [--git-dir=<path>] [--work-tree=<path>] [--namespace=<name>]\n           [--config-env=<name>=<envvar>] <command> [<args>]\n\nThese are common Git commands used in various situations:\n\nstart a working area (see also: git help tutorial)\n   clone     Clone a repository into a new directory\n   init      Create an empty Git repository or reinitialize an existing one\n\nwork on the current change (see also: git help everyday)\n   add       Add file contents to the index\n   mv        Move or rename a file, a directory, or a symlink\n   restore   Restore working tree files\n   rm        Remove files from the working tree and from the index\n\nexamine the history and state (see also: git help revisions)\n   bisect    Use binary search to find the commit that introduced a bug\n   diff      Show changes between commits, commit and working tree, etc\n   grep      Print lines matching a pattern\n   log       Show commit logs\n   show      Show various types of objects\n   status    Show the working tree status\n\ngrow, mark and tweak your common history\n   branch    List, create, or delete branches\n   commit    Record changes to the repository\n   merge     Join two or more development histories together\n   rebase    Reapply commits on top of another base tip\n   reset     Reset current HEAD to the specified state\n   switch    Switch branches\n   tag       Create, list, delete or verify a tag object signed with GPG\n\ncollaborate (see also: git help workflows)\n   fetch     Download objects and refs from another repository\n   pull      Fetch from and integrate with another repository or a local branch\n   push      Update remote refs along with associated objects\n\n'git help -a' and 'git help -g' list available subcommands and some\nconcept guides. See 'git help <command>' or 'git help <concept>'\nto read about a specific subcommand or concept.\nSee 'git help git' for an overview of the system.\n""
[0m16:20:45.656055 [debug] [MainThread]: STDERR: "b''"
[0m16:20:45.656055 [info ] [MainThread]:  - git [[32mOK found[0m]

[0m16:20:45.658002 [info ] [MainThread]: Connection:
[0m16:20:45.658002 [info ] [MainThread]:   host: custom
[0m16:20:45.659003 [info ] [MainThread]:   port: 5432
[0m16:20:45.660002 [info ] [MainThread]:   user: toast
[0m16:20:45.660002 [info ] [MainThread]:   database: new
[0m16:20:45.661003 [info ] [MainThread]:   schema: first
[0m16:20:45.661003 [info ] [MainThread]:   connect_timeout: 10
[0m16:20:45.662002 [info ] [MainThread]:   role: None
[0m16:20:45.663006 [info ] [MainThread]:   search_path: None
[0m16:20:45.663006 [info ] [MainThread]:   keepalives_idle: 0
[0m16:20:45.664002 [info ] [MainThread]:   sslmode: None
[0m16:20:45.665001 [info ] [MainThread]:   sslcert: None
[0m16:20:45.666004 [info ] [MainThread]:   sslkey: None
[0m16:20:45.666004 [info ] [MainThread]:   sslrootcert: None
[0m16:20:45.667225 [info ] [MainThread]:   application_name: dbt
[0m16:20:45.668225 [info ] [MainThread]:   retries: 1
[0m16:20:45.669227 [info ] [MainThread]: Registered adapter: postgres=1.7.9
[0m16:20:45.670229 [debug] [MainThread]: Acquiring new postgres connection 'debug'
[0m16:20:45.671229 [debug] [MainThread]: Using postgres connection "debug"
[0m16:20:45.671229 [debug] [MainThread]: On debug: select 1 as id
[0m16:20:45.672225 [debug] [MainThread]: Opening a new connection, currently in state init
[0m16:20:48.369884 [debug] [MainThread]: Postgres adapter: Got a retryable error when attempting to open a postgres connection.
1 attempts remaining. Retrying in 0 seconds.
Error:
could not translate host name "custom" to address: No such host is known. 

[0m16:20:51.070345 [debug] [MainThread]: Postgres adapter: Error running SQL: select 1 as id
[0m16:20:51.071343 [debug] [MainThread]: Postgres adapter: Rolling back transaction.
[0m16:20:51.071343 [debug] [MainThread]: On debug: No close available on handle
[0m16:20:51.072343 [info ] [MainThread]:   Connection test: [[31mERROR[0m]

[0m16:20:51.073344 [info ] [MainThread]: [31m1 check failed:[0m
[0m16:20:51.073344 [info ] [MainThread]: dbt was unable to connect to the specified database.
The database returned the following error:

  >Database Error
  could not translate host name "custom" to address: No such host is known. 
  

Check your database credentials and try again. For more information, visit:
https://docs.getdbt.com/docs/configure-your-profile


[0m16:20:51.075849 [debug] [MainThread]: Command `dbt debug` failed at 16:20:51.075849 after 5.69 seconds
[0m16:20:51.075849 [debug] [MainThread]: Connection 'debug' was properly closed.
[0m16:20:51.076855 [debug] [MainThread]: Sending event: {'category': 'dbt', 'action': 'invocation', 'label': 'end', 'context': [<snowplow_tracker.self_describing_json.SelfDescribingJson object at 0x0000013445993E10>, <snowplow_tracker.self_describing_json.SelfDescribingJson object at 0x0000013445BE1A90>, <snowplow_tracker.self_describing_json.SelfDescribingJson object at 0x000001344C8FA250>]}
[0m16:20:51.076855 [debug] [MainThread]: Flushing usage events
[0m16:22:32.848206 [debug] [MainThread]: Sending event: {'category': 'dbt', 'action': 'invocation', 'label': 'start', 'context': [<snowplow_tracker.self_describing_json.SelfDescribingJson object at 0x0000024C236D7B50>, <snowplow_tracker.self_describing_json.SelfDescribingJson object at 0x0000024C236C5410>, <snowplow_tracker.self_describing_json.SelfDescribingJson object at 0x0000024C236C4F50>]}


============================== 16:22:32.852208 | 090159d4-946c-42bd-970b-0ddd338982b8 ==============================
[0m16:22:32.852208 [info ] [MainThread]: Running with dbt=1.7.9
[0m16:22:32.853208 [debug] [MainThread]: running dbt with arguments {'printer_width': '80', 'indirect_selection': 'eager', 'log_cache_events': 'False', 'write_json': 'True', 'partial_parse': 'True', 'cache_selected_only': 'False', 'profiles_dir': 'C:\\Users\\jerem\\.dbt', 'version_check': 'True', 'debug': 'False', 'log_path': 'C:\\Users\\jerem\\Desktop\\My Things\\VS Code\\custom-elt-project\\logs', 'warn_error': 'None', 'fail_fast': 'False', 'use_colors': 'True', 'use_experimental_parser': 'False', 'no_print': 'None', 'quiet': 'False', 'log_format': 'default', 'invocation_command': 'dbt clean', 'warn_error_options': 'WarnErrorOptions(include=[], exclude=[])', 'static_parser': 'True', 'target_path': 'None', 'introspect': 'True', 'send_anonymous_usage_stats': 'True'}
[0m16:22:32.977929 [debug] [MainThread]: Sending event: {'category': 'dbt', 'action': 'project_id', 'label': '090159d4-946c-42bd-970b-0ddd338982b8', 'context': [<snowplow_tracker.self_describing_json.SelfDescribingJson object at 0x0000024C23741950>]}
[0m16:22:32.985954 [debug] [MainThread]: Command `dbt clean` succeeded at 16:22:32.985954 after 0.20 seconds
[0m16:22:32.985954 [debug] [MainThread]: Sending event: {'category': 'dbt', 'action': 'invocation', 'label': 'end', 'context': [<snowplow_tracker.self_describing_json.SelfDescribingJson object at 0x0000024C1C933E10>, <snowplow_tracker.self_describing_json.SelfDescribingJson object at 0x0000024C236D4410>, <snowplow_tracker.self_describing_json.SelfDescribingJson object at 0x0000024C22441E50>]}
[0m16:22:32.986958 [debug] [MainThread]: Flushing usage events
[0m11:05:51.824983 [debug] [MainThread]: Sending event: {'category': 'dbt', 'action': 'invocation', 'label': 'start', 'context': [<snowplow_tracker.self_describing_json.SelfDescribingJson object at 0x000002B108C10C50>, <snowplow_tracker.self_describing_json.SelfDescribingJson object at 0x000002B108BD88D0>, <snowplow_tracker.self_describing_json.SelfDescribingJson object at 0x000002B108BDBD10>]}


============================== 11:05:51.830207 | ed0f710c-68da-4072-9de3-da888d23b8b5 ==============================
[0m11:05:51.830207 [info ] [MainThread]: Running with dbt=1.7.9
[0m11:05:51.831208 [debug] [MainThread]: running dbt with arguments {'printer_width': '80', 'indirect_selection': 'eager', 'log_cache_events': 'False', 'write_json': 'True', 'partial_parse': 'True', 'cache_selected_only': 'False', 'warn_error': 'None', 'fail_fast': 'False', 'version_check': 'True', 'log_path': 'logs', 'debug': 'False', 'profiles_dir': 'C:\\Users\\jerem\\.dbt', 'use_colors': 'True', 'use_experimental_parser': 'False', 'no_print': 'None', 'quiet': 'False', 'warn_error_options': 'WarnErrorOptions(include=[], exclude=[])', 'invocation_command': 'dbt test', 'log_format': 'default', 'static_parser': 'True', 'target_path': 'None', 'introspect': 'True', 'send_anonymous_usage_stats': 'True'}
[0m11:05:51.832207 [error] [MainThread]: Encountered an error:
Runtime Error
  No dbt_project.yml found at expected path C:\Users\jerem\Desktop\My Things\VS Code\custom-elt-project\dbt_project.yml
  Verify that each entry within packages.yml (and their transitive dependencies) contains a file named dbt_project.yml
  
[0m11:05:51.834207 [debug] [MainThread]: Command `dbt test` failed at 11:05:51.834207 after 0.09 seconds
[0m11:05:51.834207 [debug] [MainThread]: Sending event: {'category': 'dbt', 'action': 'invocation', 'label': 'end', 'context': [<snowplow_tracker.self_describing_json.SelfDescribingJson object at 0x000002B108BBEF10>, <snowplow_tracker.self_describing_json.SelfDescribingJson object at 0x000002B101E23E10>, <snowplow_tracker.self_describing_json.SelfDescribingJson object at 0x000002B108C12310>]}
[0m11:05:51.835210 [debug] [MainThread]: Flushing usage events
[0m11:06:57.612998 [debug] [MainThread]: Sending event: {'category': 'dbt', 'action': 'invocation', 'label': 'start', 'context': [<snowplow_tracker.self_describing_json.SelfDescribingJson object at 0x00000234E3699610>, <snowplow_tracker.self_describing_json.SelfDescribingJson object at 0x00000234E368BA50>, <snowplow_tracker.self_describing_json.SelfDescribingJson object at 0x00000234E368A690>]}


============================== 11:06:57.615999 | 79759ae7-9029-4909-a4e3-ef22fe7b5233 ==============================
[0m11:06:57.615999 [info ] [MainThread]: Running with dbt=1.7.9
[0m11:06:57.616999 [debug] [MainThread]: running dbt with arguments {'printer_width': '80', 'indirect_selection': 'eager', 'log_cache_events': 'False', 'write_json': 'True', 'partial_parse': 'True', 'cache_selected_only': 'False', 'profiles_dir': 'C:\\Users\\jerem\\.dbt', 'debug': 'False', 'fail_fast': 'False', 'log_path': 'C:\\Users\\jerem\\Desktop\\My Things\\VS Code\\custom-elt-project\\logs', 'version_check': 'True', 'warn_error': 'None', 'use_colors': 'True', 'use_experimental_parser': 'False', 'no_print': 'None', 'quiet': 'False', 'log_format': 'default', 'static_parser': 'True', 'warn_error_options': 'WarnErrorOptions(include=[], exclude=[])', 'introspect': 'True', 'target_path': 'None', 'invocation_command': 'dbt test', 'send_anonymous_usage_stats': 'True'}
[0m11:06:57.907239 [debug] [MainThread]: Sending event: {'category': 'dbt', 'action': 'project_id', 'label': '79759ae7-9029-4909-a4e3-ef22fe7b5233', 'context': [<snowplow_tracker.self_describing_json.SelfDescribingJson object at 0x00000234E3831990>]}
[0m11:06:57.977844 [debug] [MainThread]: Sending event: {'category': 'dbt', 'action': 'adapter_info', 'label': '79759ae7-9029-4909-a4e3-ef22fe7b5233', 'context': [<snowplow_tracker.self_describing_json.SelfDescribingJson object at 0x00000234E32AEB10>]}
[0m11:06:57.978841 [info ] [MainThread]: Registered adapter: postgres=1.7.9
[0m11:06:57.986844 [debug] [MainThread]: checksum: 6ff0d83c3b46f350064523b4e08d9241403ad71d606ba49c4e670afba3668b39, vars: {}, profile: , target: , version: 1.7.9
[0m11:06:57.987882 [info ] [MainThread]: Unable to do partial parsing because saved manifest not found. Starting full parse.
[0m11:06:57.987882 [debug] [MainThread]: Sending event: {'category': 'dbt', 'action': 'partial_parser', 'label': '79759ae7-9029-4909-a4e3-ef22fe7b5233', 'context': [<snowplow_tracker.self_describing_json.SelfDescribingJson object at 0x00000234E36D3810>]}
[0m11:06:58.622229 [warn ] [MainThread]: [[33mWARNING[0m]: Configuration paths exist in your dbt_project.yml file which do not apply to any resources.
There are 1 unused configuration paths:
- models.custom_test.example
[0m11:06:58.627741 [debug] [MainThread]: Sending event: {'category': 'dbt', 'action': 'load_project', 'label': '79759ae7-9029-4909-a4e3-ef22fe7b5233', 'context': [<snowplow_tracker.self_describing_json.SelfDescribingJson object at 0x00000234E39B9710>]}
[0m11:06:58.639262 [debug] [MainThread]: Sending event: {'category': 'dbt', 'action': 'resource_counts', 'label': '79759ae7-9029-4909-a4e3-ef22fe7b5233', 'context': [<snowplow_tracker.self_describing_json.SelfDescribingJson object at 0x00000234E3A81790>]}
[0m11:06:58.639262 [info ] [MainThread]: Found 0 sources, 0 exposures, 0 metrics, 401 macros, 0 groups, 0 semantic models
[0m11:06:58.640269 [debug] [MainThread]: Sending event: {'category': 'dbt', 'action': 'runnable_timing', 'label': '79759ae7-9029-4909-a4e3-ef22fe7b5233', 'context': [<snowplow_tracker.self_describing_json.SelfDescribingJson object at 0x00000234E39995D0>]}
[0m11:06:58.642269 [info ] [MainThread]: 
[0m11:06:58.642269 [warn ] [MainThread]: Nothing to do. Try checking your model configs and model specification args
[0m11:06:58.643271 [debug] [MainThread]: Command end result
[0m11:06:58.652782 [debug] [MainThread]: Command `dbt test` succeeded at 11:06:58.652782 after 1.11 seconds
[0m11:06:58.652782 [debug] [MainThread]: Sending event: {'category': 'dbt', 'action': 'invocation', 'label': 'end', 'context': [<snowplow_tracker.self_describing_json.SelfDescribingJson object at 0x00000234DC923E10>, <snowplow_tracker.self_describing_json.SelfDescribingJson object at 0x00000234E21A2BD0>, <snowplow_tracker.self_describing_json.SelfDescribingJson object at 0x00000234DCC05F90>]}
[0m11:06:58.653784 [debug] [MainThread]: Flushing usage events
[0m11:07:46.628702 [debug] [MainThread]: Sending event: {'category': 'dbt', 'action': 'invocation', 'label': 'start', 'context': [<snowplow_tracker.self_describing_json.SelfDescribingJson object at 0x0000021D9F0A6090>, <snowplow_tracker.self_describing_json.SelfDescribingJson object at 0x0000021D9EB75910>, <snowplow_tracker.self_describing_json.SelfDescribingJson object at 0x0000021D9F0A5D90>]}


============================== 11:07:46.631706 | acd2ebb5-346a-49ed-b81b-4fc33a39e784 ==============================
[0m11:07:46.631706 [info ] [MainThread]: Running with dbt=1.7.9
[0m11:07:46.632708 [debug] [MainThread]: running dbt with arguments {'printer_width': '80', 'indirect_selection': 'eager', 'log_cache_events': 'False', 'write_json': 'True', 'partial_parse': 'True', 'cache_selected_only': 'False', 'profiles_dir': 'C:\\Users\\jerem\\.dbt', 'version_check': 'True', 'warn_error': 'None', 'log_path': 'C:\\Users\\jerem\\Desktop\\My Things\\VS Code\\custom-elt-project\\logs', 'fail_fast': 'False', 'debug': 'False', 'use_colors': 'True', 'use_experimental_parser': 'False', 'no_print': 'None', 'quiet': 'False', 'log_format': 'default', 'introspect': 'True', 'invocation_command': 'dbt clean', 'static_parser': 'True', 'target_path': 'None', 'warn_error_options': 'WarnErrorOptions(include=[], exclude=[])', 'send_anonymous_usage_stats': 'True'}
[0m11:07:46.753917 [debug] [MainThread]: Sending event: {'category': 'dbt', 'action': 'project_id', 'label': 'acd2ebb5-346a-49ed-b81b-4fc33a39e784', 'context': [<snowplow_tracker.self_describing_json.SelfDescribingJson object at 0x0000021D9F094850>]}
[0m11:07:46.761438 [debug] [MainThread]: Command `dbt clean` succeeded at 11:07:46.761438 after 0.21 seconds
[0m11:07:46.762435 [debug] [MainThread]: Sending event: {'category': 'dbt', 'action': 'invocation', 'label': 'end', 'context': [<snowplow_tracker.self_describing_json.SelfDescribingJson object at 0x0000021D98363E10>, <snowplow_tracker.self_describing_json.SelfDescribingJson object at 0x0000021D9DA97790>, <snowplow_tracker.self_describing_json.SelfDescribingJson object at 0x0000021D985B1A50>]}
[0m11:07:46.762435 [debug] [MainThread]: Flushing usage events
